Using pre-set license
Built from '2020.2/staging' branch; Version is '2020.2.7f1 (c53830e277f1) revision 12924976'; Using compiler version '192528614'; Build Type 'Release'
OS: 'Windows 10 Home; OS build 19042.1237; Version 2009; 64bit' Language: 'en' Physical Memory: 16211 MB
BatchMode: 1, IsHumanControllingUs: 0, StartBugReporterOnCrash: 0, Is64bit: 1, IsPro: 0

 COMMAND LINE ARGUMENTS:
D:\Unity Stuffs\Installs\2020.2.7f1\Editor\Unity.exe
-adb2
-batchMode
-noUpm
-name
AssetImportWorker2
-projectPath
D:/Unity Stuffs/Games/Air-Hockey-AI/Air Hockey AI
-logFile
Logs/AssetImportWorker2.log
-srvPort
51411
Successfully changed project path to: D:/Unity Stuffs/Games/Air-Hockey-AI/Air Hockey AI
D:/Unity Stuffs/Games/Air-Hockey-AI/Air Hockey AI
Using Asset Import Pipeline V2.
Refreshing native plugins compatible for Editor in 76.63 ms, found 1 plugins.
Preloading 0 native plugins for Editor in 0.00 ms.
Initialize engine version: 2020.2.7f1 (c53830e277f1)
[Subsystems] Discovering subsystems at path D:/Unity Stuffs/Installs/2020.2.7f1/Editor/Data/Resources/UnitySubsystems
[Subsystems] Discovering subsystems at path D:/Unity Stuffs/Games/Air-Hockey-AI/Air Hockey AI/Assets
GfxDevice: creating device client; threaded=0
Direct3D:
    Version:  Direct3D 11.0 [level 11.1]
    Renderer: NVIDIA GeForce GTX 1650 (ID=0x1f82)
    Vendor:   
    VRAM:     3962 MB
    Driver:   30.0.14.7196
Initialize mono
Mono path[0] = 'D:/Unity Stuffs/Installs/2020.2.7f1/Editor/Data/Managed'
Mono path[1] = 'D:/Unity Stuffs/Installs/2020.2.7f1/Editor/Data/MonoBleedingEdge/lib/mono/unityjit'
Mono config path = 'D:/Unity Stuffs/Installs/2020.2.7f1/Editor/Data/MonoBleedingEdge/etc'
Using monoOptions --debugger-agent=transport=dt_socket,embedding=1,server=y,suspend=n,address=127.0.0.1:56096
Begin MonoManager ReloadAssembly
Registering precompiled unity dll's ...
Register platform support module: D:/Unity Stuffs/Installs/2020.2.7f1/Editor/Data/PlaybackEngines/WebGLSupport/UnityEditor.WebGL.Extensions.dll
Register platform support module: D:/Unity Stuffs/Installs/2020.2.7f1/Editor/Data/PlaybackEngines/WindowsStandaloneSupport/UnityEditor.WindowsStandalone.Extensions.dll
Registered in 0.001442 seconds.
Native extension for WindowsStandalone target not found
Native extension for WebGL target not found
Refreshing native plugins compatible for Editor in 62.20 ms, found 1 plugins.
Preloading 0 native plugins for Editor in 0.00 ms.
Invoked RoslynAnalysisRunner static constructor.
RoslynAnalysisRunner will not be running.
RoslynAnalysisRunner has terminated.
Mono: successfully reloaded assembly
- Completed reload, in  1.422 seconds
Platform modules already initialized, skipping
Registering precompiled user dll's ...
Registered in 0.003818 seconds.
Begin MonoManager ReloadAssembly
Native extension for WindowsStandalone target not found
Native extension for WebGL target not found
Refreshing native plugins compatible for Editor in 65.10 ms, found 1 plugins.
Preloading 0 native plugins for Editor in 0.00 ms.
Invoked RoslynAnalysisRunner static constructor.
RoslynAnalysisRunner will not be running.
RoslynAnalysisRunner has terminated.
Mono: successfully reloaded assembly
- Completed reload, in  3.398 seconds
Platform modules already initialized, skipping
========================================================================
Worker process is ready to serve import requests
Shader 'Universal Render Pipeline/Particles/Lit': fallback shader 'Universal Render Pipeline/Particles/SimpleLit' not found
Shader 'Universal Render Pipeline/Particles/Lit': fallback shader 'Universal Render Pipeline/Particles/SimpleLit' not found
Launched and connected shader compiler UnityShaderCompiler.exe after 0.17 seconds
Refreshing native plugins compatible for Editor in 0.55 ms, found 1 plugins.
Preloading 0 native plugins for Editor in 0.00 ms.
Unloading 3195 Unused Serialized files (Serialized files now loaded: 0)
System memory in use before: 141.5 MB.
System memory in use after: 139.3 MB.

Unloading 60 unused Assets to reduce memory usage. Loaded Objects now: 3595.
Total: 4.168800 ms (FindLiveObjects: 0.473000 ms CreateObjectMapping: 0.281900 ms MarkObjects: 2.164900 ms  DeleteObjects: 1.247900 ms)

========================================================================
Received Import Request.
  path: Assets/Scripts/Button Handler.cs
  artifactKey: Guid(b8d1a2b8a0d4c564ab2e6f85cb0146c9) Importer(815301076,1909f56bfc062723c751e8b465ee728b)
Start importing Assets/Scripts/Button Handler.cs using Guid(b8d1a2b8a0d4c564ab2e6f85cb0146c9) Importer(815301076,1909f56bfc062723c751e8b465ee728b)  -> (artifact id: '9a25fcb5834441bd027270a220a1152a') in 0.215912 seconds
  Import took 0.220898 seconds .

========================================================================
Received Import Request.
  Time since last request: 357.596870 seconds.
  path: Assets/Scripts/Button Handler.cs
  artifactKey: Guid(b8d1a2b8a0d4c564ab2e6f85cb0146c9) Importer(815301076,1909f56bfc062723c751e8b465ee728b)
Start importing Assets/Scripts/Button Handler.cs using Guid(b8d1a2b8a0d4c564ab2e6f85cb0146c9) Importer(815301076,1909f56bfc062723c751e8b465ee728b)  -> (artifact id: '6dc9298701d0b262c021ce5bf1f7a4ee') in 0.002429 seconds
  Import took 0.008287 seconds .

========================================================================
Received Import Request.
  Time since last request: 0.166063 seconds.
  path: Assets/Scripts/Button Handler.cs
  artifactKey: Guid(b8d1a2b8a0d4c564ab2e6f85cb0146c9) Importer(815301076,1909f56bfc062723c751e8b465ee728b)
Start importing Assets/Scripts/Button Handler.cs using Guid(b8d1a2b8a0d4c564ab2e6f85cb0146c9) Importer(815301076,1909f56bfc062723c751e8b465ee728b)  -> (artifact id: '6dc9298701d0b262c021ce5bf1f7a4ee') in 0.002542 seconds
  Import took 0.008634 seconds .

========================================================================
Received Prepare
Registering precompiled user dll's ...
Registered in 0.003642 seconds.
Begin MonoManager ReloadAssembly
Native extension for WindowsStandalone target not found
Native extension for WebGL target not found
Refreshing native plugins compatible for Editor in 0.58 ms, found 1 plugins.
Preloading 0 native plugins for Editor in 0.00 ms.
Invoked RoslynAnalysisRunner static constructor.
RoslynAnalysisRunner will not be running.
RoslynAnalysisRunner has terminated.
Mono: successfully reloaded assembly
- Completed reload, in  1.066 seconds
Platform modules already initialized, skipping
Shader 'Universal Render Pipeline/Particles/Lit': fallback shader 'Universal Render Pipeline/Particles/SimpleLit' not found
Shader 'Universal Render Pipeline/Particles/Lit': fallback shader 'Universal Render Pipeline/Particles/SimpleLit' not found
Refreshing native plugins compatible for Editor in 0.57 ms, found 1 plugins.
Preloading 0 native plugins for Editor in 0.00 ms.
Unloading 3099 Unused Serialized files (Serialized files now loaded: 0)
System memory in use before: 136.7 MB.
System memory in use after: 134.5 MB.

Unloading 54 unused Assets to reduce memory usage. Loaded Objects now: 3599.
Total: 4.279900 ms (FindLiveObjects: 0.350300 ms CreateObjectMapping: 0.215500 ms MarkObjects: 2.451600 ms  DeleteObjects: 1.260600 ms)

========================================================================
Received Import Request.
  Time since last request: 288.343498 seconds.
  path: Assets/Scripts/ButtonHandler.cs
  artifactKey: Guid(b8d1a2b8a0d4c564ab2e6f85cb0146c9) Importer(815301076,1909f56bfc062723c751e8b465ee728b)
Start importing Assets/Scripts/ButtonHandler.cs using Guid(b8d1a2b8a0d4c564ab2e6f85cb0146c9) Importer(815301076,1909f56bfc062723c751e8b465ee728b)  -> (artifact id: 'ff99f97a432df3c80d8e623f2bd50502') in 0.032060 seconds
  Import took 0.045474 seconds .

========================================================================
Received Prepare
Registering precompiled user dll's ...
Registered in 0.003675 seconds.
Begin MonoManager ReloadAssembly
Native extension for WindowsStandalone target not found
Native extension for WebGL target not found
Refreshing native plugins compatible for Editor in 0.62 ms, found 1 plugins.
Preloading 0 native plugins for Editor in 0.00 ms.
Invoked RoslynAnalysisRunner static constructor.
RoslynAnalysisRunner will not be running.
RoslynAnalysisRunner has terminated.
Mono: successfully reloaded assembly
- Completed reload, in  1.312 seconds
Platform modules already initialized, skipping
Shader 'Universal Render Pipeline/Particles/Lit': fallback shader 'Universal Render Pipeline/Particles/SimpleLit' not found
Shader 'Universal Render Pipeline/Particles/Lit': fallback shader 'Universal Render Pipeline/Particles/SimpleLit' not found
Refreshing native plugins compatible for Editor in 0.60 ms, found 1 plugins.
Preloading 0 native plugins for Editor in 0.00 ms.
Unloading 3099 Unused Serialized files (Serialized files now loaded: 0)
System memory in use before: 136.7 MB.
System memory in use after: 134.5 MB.

Unloading 54 unused Assets to reduce memory usage. Loaded Objects now: 3603.
Total: 3.945900 ms (FindLiveObjects: 0.347200 ms CreateObjectMapping: 0.233200 ms MarkObjects: 2.047100 ms  DeleteObjects: 1.316700 ms)

========================================================================
Received Prepare
Registering precompiled user dll's ...
Registered in 0.004703 seconds.
Begin MonoManager ReloadAssembly
Native extension for WindowsStandalone target not found
Native extension for WebGL target not found
Refreshing native plugins compatible for Editor in 0.57 ms, found 1 plugins.
Preloading 0 native plugins for Editor in 0.00 ms.
Invoked RoslynAnalysisRunner static constructor.
RoslynAnalysisRunner will not be running.
RoslynAnalysisRunner has terminated.
Mono: successfully reloaded assembly
- Completed reload, in  1.044 seconds
Platform modules already initialized, skipping
Shader 'Universal Render Pipeline/Particles/Lit': fallback shader 'Universal Render Pipeline/Particles/SimpleLit' not found
Shader 'Universal Render Pipeline/Particles/Lit': fallback shader 'Universal Render Pipeline/Particles/SimpleLit' not found
Refreshing native plugins compatible for Editor in 0.63 ms, found 1 plugins.
Preloading 0 native plugins for Editor in 0.00 ms.
Unloading 3100 Unused Serialized files (Serialized files now loaded: 0)
System memory in use before: 136.8 MB.
System memory in use after: 134.6 MB.

Unloading 54 unused Assets to reduce memory usage. Loaded Objects now: 3608.
Total: 4.373500 ms (FindLiveObjects: 0.401500 ms CreateObjectMapping: 0.215200 ms MarkObjects: 2.368000 ms  DeleteObjects: 1.386700 ms)

========================================================================
Received Import Request.
  Time since last request: 397.523563 seconds.
  path: Assets/Scenes/SampleSceneLightingSettings.lighting
  artifactKey: Guid(477cc4148fad3449482a3bc3178594e2) Importer(815301076,1909f56bfc062723c751e8b465ee728b)
Start importing Assets/Scenes/SampleSceneLightingSettings.lighting using Guid(477cc4148fad3449482a3bc3178594e2) Importer(815301076,1909f56bfc062723c751e8b465ee728b)  -> (artifact id: '9a4923c8e4356c64c646080501d9e5d1') in 0.020926 seconds
  Import took 0.026571 seconds .

========================================================================
Received Import Request.
  Time since last request: 0.000612 seconds.
  path: Assets/Scenes/SampleSceneLightingSettings.lighting
  artifactKey: Guid(477cc4148fad3449482a3bc3178594e2) Importer(815301076,1909f56bfc062723c751e8b465ee728b)
Start importing Assets/Scenes/SampleSceneLightingSettings.lighting using Guid(477cc4148fad3449482a3bc3178594e2) Importer(815301076,1909f56bfc062723c751e8b465ee728b)  -> (artifact id: '9a4923c8e4356c64c646080501d9e5d1') in 0.002955 seconds
  Import took 0.007749 seconds .

========================================================================
Received Import Request.
  Time since last request: 4.312269 seconds.
  path: Assets/Scenes/Game
  artifactKey: Guid(550dc7ee152c81243929dd9a159ff632) Importer(815301076,1909f56bfc062723c751e8b465ee728b)
Start importing Assets/Scenes/Game using Guid(550dc7ee152c81243929dd9a159ff632) Importer(815301076,1909f56bfc062723c751e8b465ee728b)  -> (artifact id: 'bc8bb2f3e3971433036a79b0efe4100d') in 0.007664 seconds
  Import took 0.012464 seconds .

========================================================================
Received Import Request.
  Time since last request: 11.722422 seconds.
  path: Assets/Goal.cs
  artifactKey: Guid(fcfb60dc75594e543b417453d5966496) Importer(815301076,1909f56bfc062723c751e8b465ee728b)
Start importing Assets/Goal.cs using Guid(fcfb60dc75594e543b417453d5966496) Importer(815301076,1909f56bfc062723c751e8b465ee728b)  -> (artifact id: '2514bc2ec6704b2f99b6771e85e4c265') in 0.009908 seconds
  Import took 0.015220 seconds .

========================================================================
Received Import Request.
  Time since last request: 0.002468 seconds.
  path: Assets/Goal.cs
  artifactKey: Guid(fcfb60dc75594e543b417453d5966496) Importer(815301076,1909f56bfc062723c751e8b465ee728b)
Start importing Assets/Goal.cs using Guid(fcfb60dc75594e543b417453d5966496) Importer(815301076,1909f56bfc062723c751e8b465ee728b)  -> (artifact id: '2514bc2ec6704b2f99b6771e85e4c265') in 0.004788 seconds
  Import took 0.009486 seconds .

========================================================================
Received Prepare
Registering precompiled user dll's ...
Registered in 0.003665 seconds.
Begin MonoManager ReloadAssembly
Native extension for WindowsStandalone target not found
Native extension for WebGL target not found
Refreshing native plugins compatible for Editor in 0.59 ms, found 1 plugins.
Preloading 0 native plugins for Editor in 0.00 ms.
Invoked RoslynAnalysisRunner static constructor.
RoslynAnalysisRunner will not be running.
RoslynAnalysisRunner has terminated.
Mono: successfully reloaded assembly
- Completed reload, in  1.063 seconds
Platform modules already initialized, skipping
Shader 'Universal Render Pipeline/Particles/Lit': fallback shader 'Universal Render Pipeline/Particles/SimpleLit' not found
Shader 'Universal Render Pipeline/Particles/Lit': fallback shader 'Universal Render Pipeline/Particles/SimpleLit' not found
Refreshing native plugins compatible for Editor in 0.56 ms, found 1 plugins.
Preloading 0 native plugins for Editor in 0.00 ms.
Unloading 3100 Unused Serialized files (Serialized files now loaded: 0)
System memory in use before: 136.8 MB.
System memory in use after: 134.6 MB.

Unloading 54 unused Assets to reduce memory usage. Loaded Objects now: 3612.
Total: 10.574900 ms (FindLiveObjects: 1.015200 ms CreateObjectMapping: 0.973700 ms MarkObjects: 5.265400 ms  DeleteObjects: 3.316900 ms)

========================================================================
Received Import Request.
  Time since last request: 17.270898 seconds.
  path: Assets/Scripts/GameManager.cs
  artifactKey: Guid(8bab28ecf7568cb40afd04ae7a9c2011) Importer(815301076,1909f56bfc062723c751e8b465ee728b)
Start importing Assets/Scripts/GameManager.cs using Guid(8bab28ecf7568cb40afd04ae7a9c2011) Importer(815301076,1909f56bfc062723c751e8b465ee728b)  -> (artifact id: 'f663157cfec88da9394140628ef9eeb5') in 0.011939 seconds
  Import took 0.017538 seconds .

========================================================================
Received Prepare
Registering precompiled user dll's ...
Registered in 0.004989 seconds.
Begin MonoManager ReloadAssembly
Native extension for WindowsStandalone target not found
Native extension for WebGL target not found
Refreshing native plugins compatible for Editor in 0.89 ms, found 1 plugins.
Preloading 0 native plugins for Editor in 0.00 ms.
Invoked RoslynAnalysisRunner static constructor.
RoslynAnalysisRunner will not be running.
RoslynAnalysisRunner has terminated.
Mono: successfully reloaded assembly
- Completed reload, in  1.366 seconds
Platform modules already initialized, skipping
Shader 'Universal Render Pipeline/Particles/Lit': fallback shader 'Universal Render Pipeline/Particles/SimpleLit' not found
Shader 'Universal Render Pipeline/Particles/Lit': fallback shader 'Universal Render Pipeline/Particles/SimpleLit' not found
Refreshing native plugins compatible for Editor in 0.70 ms, found 1 plugins.
Preloading 0 native plugins for Editor in 0.00 ms.
Unloading 3100 Unused Serialized files (Serialized files now loaded: 0)
System memory in use before: 136.8 MB.
System memory in use after: 134.6 MB.

Unloading 54 unused Assets to reduce memory usage. Loaded Objects now: 3616.
Total: 4.502800 ms (FindLiveObjects: 0.396000 ms CreateObjectMapping: 0.304600 ms MarkObjects: 2.359400 ms  DeleteObjects: 1.441600 ms)

========================================================================
Received Import Request.
  Time since last request: 737.056940 seconds.
  path: Assets/Scripts/GameManager.cs
  artifactKey: Guid(8bab28ecf7568cb40afd04ae7a9c2011) Importer(815301076,1909f56bfc062723c751e8b465ee728b)
Start importing Assets/Scripts/GameManager.cs using Guid(8bab28ecf7568cb40afd04ae7a9c2011) Importer(815301076,1909f56bfc062723c751e8b465ee728b)  -> (artifact id: 'd0e067d249dccd91213cf6c99392a688') in 0.009245 seconds
  Import took 0.017245 seconds .

========================================================================
Received Prepare
Registering precompiled user dll's ...
Registered in 0.003653 seconds.
Begin MonoManager ReloadAssembly
Native extension for WindowsStandalone target not found
Native extension for WebGL target not found
Refreshing native plugins compatible for Editor in 1.06 ms, found 1 plugins.
Preloading 0 native plugins for Editor in 0.00 ms.
Invoked RoslynAnalysisRunner static constructor.
RoslynAnalysisRunner will not be running.
RoslynAnalysisRunner has terminated.
Mono: successfully reloaded assembly
- Completed reload, in  1.083 seconds
Platform modules already initialized, skipping
Shader 'Universal Render Pipeline/Particles/Lit': fallback shader 'Universal Render Pipeline/Particles/SimpleLit' not found
Shader 'Universal Render Pipeline/Particles/Lit': fallback shader 'Universal Render Pipeline/Particles/SimpleLit' not found
Refreshing native plugins compatible for Editor in 0.58 ms, found 1 plugins.
Preloading 0 native plugins for Editor in 0.00 ms.
Unloading 3100 Unused Serialized files (Serialized files now loaded: 0)
System memory in use before: 136.9 MB.
System memory in use after: 134.6 MB.

Unloading 54 unused Assets to reduce memory usage. Loaded Objects now: 3620.
Total: 5.741900 ms (FindLiveObjects: 0.562200 ms CreateObjectMapping: 0.859800 ms MarkObjects: 2.830600 ms  DeleteObjects: 1.487600 ms)

========================================================================
Received Prepare
Registering precompiled user dll's ...
Registered in 0.003570 seconds.
Begin MonoManager ReloadAssembly
Native extension for WindowsStandalone target not found
Native extension for WebGL target not found
Refreshing native plugins compatible for Editor in 0.72 ms, found 1 plugins.
Preloading 0 native plugins for Editor in 0.00 ms.
Invoked RoslynAnalysisRunner static constructor.
RoslynAnalysisRunner will not be running.
RoslynAnalysisRunner has terminated.
Mono: successfully reloaded assembly
- Completed reload, in  1.029 seconds
Platform modules already initialized, skipping
Shader 'Universal Render Pipeline/Particles/Lit': fallback shader 'Universal Render Pipeline/Particles/SimpleLit' not found
Shader 'Universal Render Pipeline/Particles/Lit': fallback shader 'Universal Render Pipeline/Particles/SimpleLit' not found
Refreshing native plugins compatible for Editor in 0.57 ms, found 1 plugins.
Preloading 0 native plugins for Editor in 0.00 ms.
Unloading 3100 Unused Serialized files (Serialized files now loaded: 0)
System memory in use before: 136.9 MB.
System memory in use after: 134.7 MB.

Unloading 54 unused Assets to reduce memory usage. Loaded Objects now: 3624.
Total: 12.086100 ms (FindLiveObjects: 0.830000 ms CreateObjectMapping: 0.623500 ms MarkObjects: 6.378600 ms  DeleteObjects: 4.250500 ms)

========================================================================
Received Prepare
Registering precompiled user dll's ...
Registered in 0.004588 seconds.
Begin MonoManager ReloadAssembly
Native extension for WindowsStandalone target not found
Native extension for WebGL target not found
Refreshing native plugins compatible for Editor in 0.58 ms, found 1 plugins.
Preloading 0 native plugins for Editor in 0.00 ms.
Invoked RoslynAnalysisRunner static constructor.
RoslynAnalysisRunner will not be running.
RoslynAnalysisRunner has terminated.
Mono: successfully reloaded assembly
- Completed reload, in  1.030 seconds
Platform modules already initialized, skipping
Shader 'Universal Render Pipeline/Particles/Lit': fallback shader 'Universal Render Pipeline/Particles/SimpleLit' not found
Shader 'Universal Render Pipeline/Particles/Lit': fallback shader 'Universal Render Pipeline/Particles/SimpleLit' not found
Refreshing native plugins compatible for Editor in 0.63 ms, found 1 plugins.
Preloading 0 native plugins for Editor in 0.00 ms.
Unloading 3100 Unused Serialized files (Serialized files now loaded: 0)
System memory in use before: 136.8 MB.
System memory in use after: 134.7 MB.

Unloading 54 unused Assets to reduce memory usage. Loaded Objects now: 3628.
Total: 4.530700 ms (FindLiveObjects: 0.438800 ms CreateObjectMapping: 0.269800 ms MarkObjects: 2.189400 ms  DeleteObjects: 1.630100 ms)

========================================================================
Received Prepare
Registering precompiled user dll's ...
Registered in 0.003570 seconds.
Begin MonoManager ReloadAssembly
Native extension for WindowsStandalone target not found
Native extension for WebGL target not found
Refreshing native plugins compatible for Editor in 0.65 ms, found 1 plugins.
Preloading 0 native plugins for Editor in 0.00 ms.
Invoked RoslynAnalysisRunner static constructor.
RoslynAnalysisRunner will not be running.
RoslynAnalysisRunner has terminated.
Mono: successfully reloaded assembly
- Completed reload, in  1.038 seconds
Platform modules already initialized, skipping
Shader 'Universal Render Pipeline/Particles/Lit': fallback shader 'Universal Render Pipeline/Particles/SimpleLit' not found
Shader 'Universal Render Pipeline/Particles/Lit': fallback shader 'Universal Render Pipeline/Particles/SimpleLit' not found
Refreshing native plugins compatible for Editor in 0.87 ms, found 1 plugins.
Preloading 0 native plugins for Editor in 0.00 ms.
Unloading 3100 Unused Serialized files (Serialized files now loaded: 0)
System memory in use before: 136.8 MB.
System memory in use after: 134.7 MB.

Unloading 54 unused Assets to reduce memory usage. Loaded Objects now: 3632.
Total: 3.941900 ms (FindLiveObjects: 0.333000 ms CreateObjectMapping: 0.209400 ms MarkObjects: 1.972300 ms  DeleteObjects: 1.425600 ms)

========================================================================
Received Prepare
Registering precompiled user dll's ...
Registered in 0.004042 seconds.
Begin MonoManager ReloadAssembly
Native extension for WindowsStandalone target not found
Native extension for WebGL target not found
Refreshing native plugins compatible for Editor in 0.60 ms, found 1 plugins.
Preloading 0 native plugins for Editor in 0.00 ms.
Invoked RoslynAnalysisRunner static constructor.
RoslynAnalysisRunner will not be running.
RoslynAnalysisRunner has terminated.
Mono: successfully reloaded assembly
- Completed reload, in  1.028 seconds
Platform modules already initialized, skipping
Shader 'Universal Render Pipeline/Particles/Lit': fallback shader 'Universal Render Pipeline/Particles/SimpleLit' not found
Shader 'Universal Render Pipeline/Particles/Lit': fallback shader 'Universal Render Pipeline/Particles/SimpleLit' not found
Refreshing native plugins compatible for Editor in 0.62 ms, found 1 plugins.
Preloading 0 native plugins for Editor in 0.00 ms.
Unloading 3100 Unused Serialized files (Serialized files now loaded: 0)
System memory in use before: 136.9 MB.
System memory in use after: 134.7 MB.

Unloading 54 unused Assets to reduce memory usage. Loaded Objects now: 3636.
Total: 6.614400 ms (FindLiveObjects: 0.516800 ms CreateObjectMapping: 0.307200 ms MarkObjects: 4.268700 ms  DeleteObjects: 1.520100 ms)

